<?xml version="1.0" encoding="UTF-8"?>
<testsuite name="seedu.address.ui.StatusBarFooterTest" tests="1" skipped="0" failures="0" errors="0" timestamp="2019-03-17T06:12:45" hostname="jwldeMacBook-Pro.local" time="0.256">
  <properties/>
  <testcase name="display" classname="seedu.address.ui.StatusBarFooterTest" time="0.256"/>
  <system-out><![CDATA[]]></system-out>
  <system-err><![CDATA[]]></system-err>
</testsuite>
