<?xml version="1.0" encoding="UTF-8"?>
<testsuite name="seedu.address.commons.util.JsonUtilTest" tests="2" skipped="0" failures="0" errors="0" timestamp="2019-03-17T06:12:57" hostname="jwldeMacBook-Pro.local" time="0.026">
  <properties/>
  <testcase name="deserializeObjectFromJsonFile_noExceptionThrown" classname="seedu.address.commons.util.JsonUtilTest" time="0.015"/>
  <testcase name="serializeObjectToJsonFile_noExceptionThrown" classname="seedu.address.commons.util.JsonUtilTest" time="0.011"/>
  <system-out><![CDATA[]]></system-out>
  <system-err><![CDATA[]]></system-err>
</testsuite>
