<?xml version="1.0" encoding="UTF-8"?>
<testsuite name="systemtests.FindCommandSystemTest" tests="1" skipped="0" failures="0" errors="0" timestamp="2019-03-17T06:11:29" hostname="jwldeMacBook-Pro.local" time="13.928">
  <properties/>
  <testcase name="find" classname="systemtests.FindCommandSystemTest" time="13.928"/>
  <system-out><![CDATA[]]></system-out>
  <system-err><![CDATA[Mar 17, 2019 2:11:29 PM seedu.address.MainApp init
INFO: =============================[ Initializing AddressBook ]===========================
Mar 17, 2019 2:11:29 PM seedu.address.MainApp initConfig
INFO: Using config file : config.json
Mar 17, 2019 2:11:29 PM seedu.address.MainApp initPrefs
INFO: Using prefs file : src/test/data/sandbox/pref_testing.json
Mar 17, 2019 2:11:29 PM seedu.address.commons.core.LogsCenter init
INFO: currentLogLevel: INFO
Mar 17, 2019 2:11:29 PM seedu.address.ui.UiManager start
INFO: Starting UI...
Mar 17, 2019 2:11:30 PM guitests.guihandles.StageHandle focus
INFO: Focusing onAddress App
Mar 17, 2019 2:11:30 PM guitests.guihandles.StageHandle focus
INFO: Finishing focus onAddress App
Mar 17, 2019 2:11:31 PM seedu.address.logic.LogicManager execute
INFO: ----------------[USER COMMAND][   find Meier   ]
Mar 17, 2019 2:11:31 PM seedu.address.ui.MainWindow executeCommand
INFO: Result: 2 persons listed!
Mar 17, 2019 2:11:31 PM seedu.address.logic.LogicManager execute
INFO: ----------------[USER COMMAND][find Meier]
Mar 17, 2019 2:11:31 PM seedu.address.ui.MainWindow executeCommand
INFO: Result: 2 persons listed!
Mar 17, 2019 2:11:32 PM seedu.address.logic.LogicManager execute
INFO: ----------------[USER COMMAND][find Carl]
Mar 17, 2019 2:11:32 PM seedu.address.ui.MainWindow executeCommand
INFO: Result: 1 persons listed!
Mar 17, 2019 2:11:32 PM seedu.address.logic.LogicManager execute
INFO: ----------------[USER COMMAND][find Benson Daniel]
Mar 17, 2019 2:11:32 PM seedu.address.ui.MainWindow executeCommand
INFO: Result: 2 persons listed!
Mar 17, 2019 2:11:33 PM seedu.address.logic.LogicManager execute
INFO: ----------------[USER COMMAND][find Daniel Benson]
Mar 17, 2019 2:11:33 PM seedu.address.ui.MainWindow executeCommand
INFO: Result: 2 persons listed!
Mar 17, 2019 2:11:33 PM seedu.address.logic.LogicManager execute
INFO: ----------------[USER COMMAND][find Daniel Benson Daniel]
Mar 17, 2019 2:11:33 PM seedu.address.ui.MainWindow executeCommand
INFO: Result: 2 persons listed!
Mar 17, 2019 2:11:34 PM seedu.address.logic.LogicManager execute
INFO: ----------------[USER COMMAND][find Daniel Benson NonMatchingKeyWord]
Mar 17, 2019 2:11:34 PM seedu.address.ui.MainWindow executeCommand
INFO: Result: 2 persons listed!
Mar 17, 2019 2:11:34 PM seedu.address.logic.LogicManager execute
INFO: ----------------[USER COMMAND][undo]
Mar 17, 2019 2:11:34 PM seedu.address.ui.MainWindow executeCommand
INFO: Invalid command: undo
Mar 17, 2019 2:11:35 PM seedu.address.logic.LogicManager execute
INFO: ----------------[USER COMMAND][redo]
Mar 17, 2019 2:11:35 PM seedu.address.ui.MainWindow executeCommand
INFO: Invalid command: redo
Mar 17, 2019 2:11:35 PM seedu.address.logic.LogicManager execute
INFO: ----------------[USER COMMAND][delete 1]
Mar 17, 2019 2:11:35 PM seedu.address.logic.LogicManager execute
INFO: Address book modified, saving to file.
Mar 17, 2019 2:11:35 PM seedu.address.ui.MainWindow executeCommand
INFO: Result: Deleted Person: Benson Meier Phone: 98765432 Email: johnd@example.com Address: 311, Clementi Ave 2, #02-25 Tags: [owesMoney][friends]
Mar 17, 2019 2:11:35 PM seedu.address.logic.LogicManager execute
INFO: ----------------[USER COMMAND][find Meier]
Mar 17, 2019 2:11:35 PM seedu.address.ui.MainWindow executeCommand
INFO: Result: 1 persons listed!
Mar 17, 2019 2:11:36 PM seedu.address.logic.LogicManager execute
INFO: ----------------[USER COMMAND][find MeIeR]
Mar 17, 2019 2:11:36 PM seedu.address.ui.MainWindow executeCommand
INFO: Result: 1 persons listed!
Mar 17, 2019 2:11:36 PM seedu.address.logic.LogicManager execute
INFO: ----------------[USER COMMAND][find Mei]
Mar 17, 2019 2:11:36 PM seedu.address.ui.MainWindow executeCommand
INFO: Result: 0 persons listed!
Mar 17, 2019 2:11:37 PM seedu.address.logic.LogicManager execute
INFO: ----------------[USER COMMAND][find Meiers]
Mar 17, 2019 2:11:37 PM seedu.address.ui.MainWindow executeCommand
INFO: Result: 0 persons listed!
Mar 17, 2019 2:11:37 PM seedu.address.logic.LogicManager execute
INFO: ----------------[USER COMMAND][find Mark]
Mar 17, 2019 2:11:37 PM seedu.address.ui.MainWindow executeCommand
INFO: Result: 0 persons listed!
Mar 17, 2019 2:11:37 PM seedu.address.logic.LogicManager execute
INFO: ----------------[USER COMMAND][find 87652533]
Mar 17, 2019 2:11:37 PM seedu.address.ui.MainWindow executeCommand
INFO: Result: 1 persons listed!
Mar 17, 2019 2:11:38 PM seedu.address.logic.LogicManager execute
INFO: ----------------[USER COMMAND][find cornelia@example.com]
Mar 17, 2019 2:11:38 PM seedu.address.ui.MainWindow executeCommand
INFO: Result: 1 persons listed!
Mar 17, 2019 2:11:38 PM seedu.address.logic.LogicManager execute
INFO: ----------------[USER COMMAND][find friends]
Mar 17, 2019 2:11:38 PM seedu.address.ui.MainWindow executeCommand
INFO: Result: 2 persons listed!
Mar 17, 2019 2:11:39 PM seedu.address.logic.LogicManager execute
INFO: ----------------[USER COMMAND][list]
Mar 17, 2019 2:11:39 PM seedu.address.ui.MainWindow executeCommand
INFO: Result: Listed all persons
Mar 17, 2019 2:11:39 PM seedu.address.logic.LogicManager execute
INFO: ----------------[USER COMMAND][select 1]
Mar 17, 2019 2:11:39 PM seedu.address.ui.MainWindow executeCommand
INFO: Result: Selected Person: 1
Mar 17, 2019 2:11:40 PM seedu.address.logic.LogicManager execute
INFO: ----------------[USER COMMAND][find Daniel]
Mar 17, 2019 2:11:40 PM seedu.address.ui.MainWindow executeCommand
INFO: Result: 1 persons listed!
Mar 17, 2019 2:11:41 PM seedu.address.logic.LogicManager execute
INFO: ----------------[USER COMMAND][clear]
Mar 17, 2019 2:11:41 PM seedu.address.logic.LogicManager execute
INFO: Address book modified, saving to file.
Mar 17, 2019 2:11:41 PM seedu.address.ui.MainWindow executeCommand
INFO: Result: Address book has been cleared!
Mar 17, 2019 2:11:41 PM seedu.address.logic.LogicManager execute
INFO: ----------------[USER COMMAND][find Meier]
Mar 17, 2019 2:11:41 PM seedu.address.ui.MainWindow executeCommand
INFO: Result: 0 persons listed!
Mar 17, 2019 2:11:41 PM seedu.address.logic.LogicManager execute
INFO: ----------------[USER COMMAND][FiNd Meier]
Mar 17, 2019 2:11:41 PM seedu.address.ui.MainWindow executeCommand
INFO: Invalid command: FiNd Meier
Mar 17, 2019 2:11:42 PM seedu.address.logic.LogicManager execute
INFO: ----------------[USER COMMAND][find yinya PGP]
Mar 17, 2019 2:11:42 PM seedu.address.ui.MainWindow executeCommand
INFO: Result: 0 persons listed!
Mar 17, 2019 2:11:42 PM seedu.address.logic.LogicManager execute
INFO: ----------------[USER COMMAND][find t/friends teammate]
Mar 17, 2019 2:11:42 PM seedu.address.ui.MainWindow executeCommand
INFO: Result: 0 persons listed!
Mar 17, 2019 2:11:42 PM seedu.address.logic.LogicManager execute
INFO: ----------------[USER COMMAND][find t/friends n/daniel]
Mar 17, 2019 2:11:42 PM seedu.address.ui.MainWindow executeCommand
INFO: Result: 0 persons listed!
Mar 17, 2019 2:11:43 PM seedu.address.logic.LogicManager execute
INFO: ----------------[USER COMMAND][find a/utown t/owesMoney]
Mar 17, 2019 2:11:43 PM seedu.address.ui.MainWindow executeCommand
INFO: Result: 0 persons listed!
]]></system-err>
</testsuite>
