<?xml version="1.0" encoding="UTF-8"?>
<testsuite name="seedu.address.model.AddressBookTest" tests="11" skipped="0" failures="0" errors="0" timestamp="2019-03-17T06:12:58" hostname="jwldeMacBook-Pro.local" time="0.019">
  <properties/>
  <testcase name="getPersonList_modifyList_throwsUnsupportedOperationException" classname="seedu.address.model.AddressBookTest" time="0.0"/>
  <testcase name="constructor" classname="seedu.address.model.AddressBookTest" time="0.0"/>
  <testcase name="hasPerson_nullPerson_throwsNullPointerException" classname="seedu.address.model.AddressBookTest" time="0.0"/>
  <testcase name="hasPerson_personInAddressBook_returnsTrue" classname="seedu.address.model.AddressBookTest" time="0.01"/>
  <testcase name="addListener_withInvalidationListener_listenerAdded" classname="seedu.address.model.AddressBookTest" time="0.0"/>
  <testcase name="resetData_null_throwsNullPointerException" classname="seedu.address.model.AddressBookTest" time="0.001"/>
  <testcase name="removeListener_withInvalidationListener_listenerRemoved" classname="seedu.address.model.AddressBookTest" time="0.001"/>
  <testcase name="resetData_withValidReadOnlyAddressBook_replacesData" classname="seedu.address.model.AddressBookTest" time="0.001"/>
  <testcase name="hasPerson_personWithSameIdentityFieldsInAddressBook_returnsTrue" classname="seedu.address.model.AddressBookTest" time="0.001"/>
  <testcase name="resetData_withDuplicatePersons_throwsDuplicatePersonException" classname="seedu.address.model.AddressBookTest" time="0.0"/>
  <testcase name="hasPerson_personNotInAddressBook_returnsFalse" classname="seedu.address.model.AddressBookTest" time="0.0"/>
  <system-out><![CDATA[]]></system-out>
  <system-err><![CDATA[]]></system-err>
</testsuite>
