<?xml version="1.0" encoding="UTF-8"?>
<testsuite name="seedu.address.ui.PersonCardTest" tests="2" skipped="0" failures="0" errors="0" timestamp="2019-03-17T06:12:43" hostname="jwldeMacBook-Pro.local" time="0.411">
  <properties/>
  <testcase name="equals" classname="seedu.address.ui.PersonCardTest" time="0.08"/>
  <testcase name="display" classname="seedu.address.ui.PersonCardTest" time="0.331"/>
  <system-out><![CDATA[]]></system-out>
  <system-err><![CDATA[]]></system-err>
</testsuite>
