<?xml version="1.0" encoding="UTF-8"?>
<testsuite name="seedu.address.ui.HelpWindowTest" tests="4" skipped="1" failures="0" errors="0" timestamp="2019-03-17T06:12:44" hostname="jwldeMacBook-Pro.local" time="1.318">
  <properties/>
  <testcase name="focus_helpWindowNotFocused_focused" classname="seedu.address.ui.HelpWindowTest" time="0.245">
    <skipped/>
  </testcase>
  <testcase name="isShowing_helpWindowIsShowing_returnsTrue" classname="seedu.address.ui.HelpWindowTest" time="0.43"/>
  <testcase name="isShowing_helpWindowIsHiding_returnsFalse" classname="seedu.address.ui.HelpWindowTest" time="0.238"/>
  <testcase name="display" classname="seedu.address.ui.HelpWindowTest" time="0.402"/>
  <system-out><![CDATA[]]></system-out>
  <system-err><![CDATA[]]></system-err>
</testsuite>
