<?xml version="1.0" encoding="UTF-8"?>
<testsuite name="seedu.address.model.UserPrefsTest" tests="2" skipped="0" failures="0" errors="0" timestamp="2019-03-17T06:12:58" hostname="jwldeMacBook-Pro.local" time="0.006">
  <properties/>
  <testcase name="setAddressBookFilePath_nullPath_throwsNullPointerException" classname="seedu.address.model.UserPrefsTest" time="0.001"/>
  <testcase name="setGuiSettings_nullGuiSettings_throwsNullPointerException" classname="seedu.address.model.UserPrefsTest" time="0.005"/>
  <system-out><![CDATA[]]></system-out>
  <system-err><![CDATA[]]></system-err>
</testsuite>
