<?xml version="1.0" encoding="UTF-8"?>
<testsuite name="systemtests.SampleDataTest" tests="1" skipped="0" failures="0" errors="0" timestamp="2019-03-17T06:11:43" hostname="jwldeMacBook-Pro.local" time="1.474">
  <properties/>
  <testcase name="addressBook_dataFileDoesNotExist_loadSampleData" classname="systemtests.SampleDataTest" time="1.474"/>
  <system-out><![CDATA[]]></system-out>
  <system-err><![CDATA[Mar 17, 2019 2:11:43 PM seedu.address.MainApp init
INFO: =============================[ Initializing AddressBook ]===========================
Mar 17, 2019 2:11:43 PM seedu.address.MainApp initConfig
INFO: Using config file : config.json
Mar 17, 2019 2:11:43 PM seedu.address.MainApp initPrefs
INFO: Using prefs file : src/test/data/sandbox/pref_testing.json
Mar 17, 2019 2:11:43 PM seedu.address.commons.core.LogsCenter init
INFO: currentLogLevel: INFO
Mar 17, 2019 2:11:43 PM seedu.address.commons.util.JsonUtil readJsonFile
INFO: Json file src/test/data/sandbox/SomeFileThatDoesNotExist1234567890.xml not found
Mar 17, 2019 2:11:43 PM seedu.address.MainApp initModelManager
INFO: Data file not found. Will be starting with a sample AddressBook
Mar 17, 2019 2:11:43 PM seedu.address.ui.UiManager start
INFO: Starting UI...
Mar 17, 2019 2:11:44 PM guitests.guihandles.StageHandle focus
INFO: Focusing onAddress App
Mar 17, 2019 2:11:44 PM guitests.guihandles.StageHandle focus
INFO: Finishing focus onAddress App
]]></system-err>
</testsuite>
