<?xml version="1.0" encoding="UTF-8"?>
<testsuite name="seedu.address.logic.LogicManagerTest" tests="5" skipped="0" failures="0" errors="0" timestamp="2019-03-17T06:12:58" hostname="jwldeMacBook-Pro.local" time="0.032">
  <properties/>
  <testcase name="execute_invalidCommandFormat_throwsParseException" classname="seedu.address.logic.LogicManagerTest" time="0.006"/>
  <testcase name="execute_validCommand_success" classname="seedu.address.logic.LogicManagerTest" time="0.003"/>
  <testcase name="execute_storageThrowsIoException_throwsCommandException" classname="seedu.address.logic.LogicManagerTest" time="0.011"/>
  <testcase name="execute_commandExecutionError_throwsCommandException" classname="seedu.address.logic.LogicManagerTest" time="0.003"/>
  <testcase name="getFilteredPersonList_modifyList_throwsUnsupportedOperationException" classname="seedu.address.logic.LogicManagerTest" time="0.003"/>
  <system-out><![CDATA[]]></system-out>
  <system-err><![CDATA[Mar 17, 2019 2:12:58 PM seedu.address.logic.LogicManager execute
INFO: ----------------[USER COMMAND][uicfhmowqewca]
Mar 17, 2019 2:12:58 PM seedu.address.logic.LogicManager execute
INFO: ----------------[USER COMMAND][history]
Mar 17, 2019 2:12:58 PM seedu.address.logic.LogicManager execute
INFO: ----------------[USER COMMAND][list]
Mar 17, 2019 2:12:58 PM seedu.address.logic.LogicManager execute
INFO: ----------------[USER COMMAND][history]
Mar 17, 2019 2:12:58 PM seedu.address.logic.LogicManager execute
INFO: ----------------[USER COMMAND][add n/Amy Bee p/11111111 e/amy@example.com a/Block 312, Amy Street 1]
Mar 17, 2019 2:12:58 PM seedu.address.logic.LogicManager execute
INFO: Address book modified, saving to file.
Mar 17, 2019 2:12:58 PM seedu.address.logic.LogicManager execute
INFO: ----------------[USER COMMAND][history]
Mar 17, 2019 2:12:58 PM seedu.address.logic.LogicManager execute
INFO: ----------------[USER COMMAND][delete 9]
Mar 17, 2019 2:12:58 PM seedu.address.logic.LogicManager execute
INFO: ----------------[USER COMMAND][history]
]]></system-err>
</testsuite>
