<?xml version="1.0" encoding="UTF-8"?>
<testsuite name="systemtests.AddCommandSystemTest" tests="1" skipped="0" failures="0" errors="0" timestamp="2019-03-17T06:11:45" hostname="jwldeMacBook-Pro.local" time="19.681">
  <properties/>
  <testcase name="add" classname="systemtests.AddCommandSystemTest" time="19.681"/>
  <system-out><![CDATA[]]></system-out>
  <system-err><![CDATA[Mar 17, 2019 2:11:45 PM seedu.address.MainApp init
INFO: =============================[ Initializing AddressBook ]===========================
Mar 17, 2019 2:11:45 PM seedu.address.MainApp initConfig
INFO: Using config file : config.json
Mar 17, 2019 2:11:45 PM seedu.address.MainApp initPrefs
INFO: Using prefs file : src/test/data/sandbox/pref_testing.json
Mar 17, 2019 2:11:45 PM seedu.address.commons.core.LogsCenter init
INFO: currentLogLevel: INFO
Mar 17, 2019 2:11:45 PM seedu.address.ui.UiManager start
INFO: Starting UI...
Mar 17, 2019 2:11:45 PM guitests.guihandles.StageHandle focus
INFO: Focusing onAddress App
Mar 17, 2019 2:11:45 PM guitests.guihandles.StageHandle focus
INFO: Finishing focus onAddress App
Mar 17, 2019 2:11:46 PM seedu.address.logic.LogicManager execute
INFO: ----------------[USER COMMAND][   add   n/Amy Bee   p/11111111  e/amy@example.com    a/Block 312, Amy Street 1    t/friend ]
Mar 17, 2019 2:11:46 PM seedu.address.logic.LogicManager execute
INFO: Address book modified, saving to file.
Mar 17, 2019 2:11:46 PM seedu.address.ui.MainWindow executeCommand
INFO: Result: New person added: Amy Bee Phone: 11111111 Email: amy@example.com Address: Block 312, Amy Street 1 Tags: [friend]
Mar 17, 2019 2:11:47 PM seedu.address.logic.LogicManager execute
INFO: ----------------[USER COMMAND][undo]
Mar 17, 2019 2:11:47 PM seedu.address.logic.LogicManager execute
INFO: Address book modified, saving to file.
Mar 17, 2019 2:11:47 PM seedu.address.ui.MainWindow executeCommand
INFO: Result: Undo success!
Mar 17, 2019 2:11:48 PM seedu.address.logic.LogicManager execute
INFO: ----------------[USER COMMAND][redo]
Mar 17, 2019 2:11:48 PM seedu.address.logic.LogicManager execute
INFO: Address book modified, saving to file.
Mar 17, 2019 2:11:48 PM seedu.address.ui.MainWindow executeCommand
INFO: Result: Redo success!
Mar 17, 2019 2:11:49 PM seedu.address.logic.LogicManager execute
INFO: ----------------[USER COMMAND][add n/Bob Choo p/11111111 e/amy@example.com a/Block 312, Amy Street 1 t/friend]
Mar 17, 2019 2:11:49 PM seedu.address.logic.LogicManager execute
INFO: Address book modified, saving to file.
Mar 17, 2019 2:11:49 PM seedu.address.ui.MainWindow executeCommand
INFO: Result: New person added: Bob Choo Phone: 11111111 Email: amy@example.com Address: Block 312, Amy Street 1 Tags: [friend]
Mar 17, 2019 2:11:50 PM seedu.address.logic.LogicManager execute
INFO: ----------------[USER COMMAND][add n/Amy Bee p/22222222 e/bob@example.com a/Block 312, Amy Street 1 t/friend ]
Mar 17, 2019 2:11:50 PM seedu.address.logic.LogicManager execute
INFO: Address book modified, saving to file.
Mar 17, 2019 2:11:50 PM seedu.address.ui.MainWindow executeCommand
INFO: Result: New person added: Amy Bee Phone: 22222222 Email: bob@example.com Address: Block 312, Amy Street 1 Tags: [friend]
Mar 17, 2019 2:11:51 PM seedu.address.logic.LogicManager execute
INFO: ----------------[USER COMMAND][clear]
Mar 17, 2019 2:11:51 PM seedu.address.logic.LogicManager execute
INFO: Address book modified, saving to file.
Mar 17, 2019 2:11:51 PM seedu.address.ui.MainWindow executeCommand
INFO: Result: Address book has been cleared!
Mar 17, 2019 2:11:51 PM seedu.address.logic.LogicManager execute
INFO: ----------------[USER COMMAND][add n/Alice Pauline p/94351253 e/alice@example.com a/123, Jurong West Ave 6, #08-111 t/friends ]
Mar 17, 2019 2:11:51 PM seedu.address.logic.LogicManager execute
INFO: Address book modified, saving to file.
Mar 17, 2019 2:11:51 PM seedu.address.ui.MainWindow executeCommand
INFO: Result: New person added: Alice Pauline Phone: 94351253 Email: alice@example.com Address: 123, Jurong West Ave 6, #08-111 Tags: [friends]
Mar 17, 2019 2:11:52 PM seedu.address.logic.LogicManager execute
INFO: ----------------[USER COMMAND][add t/friend p/22222222 a/Block 123, Bobby Street 3 n/Bob Choo t/husband e/bob@example.com]
Mar 17, 2019 2:11:52 PM seedu.address.logic.LogicManager execute
INFO: Address book modified, saving to file.
Mar 17, 2019 2:11:52 PM seedu.address.ui.MainWindow executeCommand
INFO: Result: New person added: Bob Choo Phone: 22222222 Email: bob@example.com Address: Block 123, Bobby Street 3 Tags: [friend][husband]
Mar 17, 2019 2:11:52 PM seedu.address.logic.LogicManager execute
INFO: ----------------[USER COMMAND][add n/Hoon Meier p/8482424 e/stefan@example.com a/little india ]
Mar 17, 2019 2:11:52 PM seedu.address.logic.LogicManager execute
INFO: Address book modified, saving to file.
Mar 17, 2019 2:11:52 PM seedu.address.ui.MainWindow executeCommand
INFO: Result: New person added: Hoon Meier Phone: 8482424 Email: stefan@example.com Address: little india Tags: 
Mar 17, 2019 2:11:53 PM seedu.address.logic.LogicManager execute
INFO: ----------------[USER COMMAND][find Meier]
Mar 17, 2019 2:11:53 PM seedu.address.ui.MainWindow executeCommand
INFO: Result: 1 persons listed!
Mar 17, 2019 2:11:53 PM seedu.address.logic.LogicManager execute
INFO: ----------------[USER COMMAND][add n/Ida Mueller p/8482131 e/hans@example.com a/chicago ave ]
Mar 17, 2019 2:11:53 PM seedu.address.logic.LogicManager execute
INFO: Address book modified, saving to file.
Mar 17, 2019 2:11:53 PM seedu.address.ui.MainWindow executeCommand
INFO: Result: New person added: Ida Mueller Phone: 8482131 Email: hans@example.com Address: chicago ave Tags: 
Mar 17, 2019 2:11:54 PM seedu.address.logic.LogicManager execute
INFO: ----------------[USER COMMAND][select 1]
Mar 17, 2019 2:11:54 PM seedu.address.ui.MainWindow executeCommand
INFO: Result: Selected Person: 1
Mar 17, 2019 2:11:54 PM seedu.address.logic.LogicManager execute
INFO: ----------------[USER COMMAND][add n/Carl Kurz p/95352563 e/heinz@example.com a/wall street ]
Mar 17, 2019 2:11:54 PM seedu.address.logic.LogicManager execute
INFO: Address book modified, saving to file.
Mar 17, 2019 2:11:54 PM seedu.address.ui.MainWindow executeCommand
INFO: Result: New person added: Carl Kurz Phone: 95352563 Email: heinz@example.com Address: wall street Tags: 
Mar 17, 2019 2:11:55 PM seedu.address.logic.LogicManager execute
INFO: ----------------[USER COMMAND][add n/Hoon Meier p/8482424 e/stefan@example.com a/little india ]
Mar 17, 2019 2:11:55 PM seedu.address.ui.MainWindow executeCommand
INFO: Invalid command: add n/Hoon Meier p/8482424 e/stefan@example.com a/little india 
Mar 17, 2019 2:11:56 PM seedu.address.logic.LogicManager execute
INFO: ----------------[USER COMMAND][add n/Hoon Meier p/22222222 e/stefan@example.com a/little india ]
Mar 17, 2019 2:11:56 PM seedu.address.ui.MainWindow executeCommand
INFO: Invalid command: add n/Hoon Meier p/22222222 e/stefan@example.com a/little india 
Mar 17, 2019 2:11:56 PM seedu.address.logic.LogicManager execute
INFO: ----------------[USER COMMAND][add n/Hoon Meier p/8482424 e/bob@example.com a/little india ]
Mar 17, 2019 2:11:56 PM seedu.address.ui.MainWindow executeCommand
INFO: Invalid command: add n/Hoon Meier p/8482424 e/bob@example.com a/little india 
Mar 17, 2019 2:11:57 PM seedu.address.logic.LogicManager execute
INFO: ----------------[USER COMMAND][add n/Hoon Meier p/8482424 e/stefan@example.com a/Block 123, Bobby Street 3 ]
Mar 17, 2019 2:11:57 PM seedu.address.ui.MainWindow executeCommand
INFO: Invalid command: add n/Hoon Meier p/8482424 e/stefan@example.com a/Block 123, Bobby Street 3 
Mar 17, 2019 2:11:57 PM seedu.address.logic.LogicManager execute
INFO: ----------------[USER COMMAND][add n/Hoon Meier p/8482424 e/stefan@example.com a/little india  t/friends]
Mar 17, 2019 2:11:57 PM seedu.address.ui.MainWindow executeCommand
INFO: Invalid command: add n/Hoon Meier p/8482424 e/stefan@example.com a/little india  t/friends
Mar 17, 2019 2:11:58 PM seedu.address.logic.LogicManager execute
INFO: ----------------[USER COMMAND][add p/11111111 e/amy@example.com a/Block 312, Amy Street 1]
Mar 17, 2019 2:11:58 PM seedu.address.ui.MainWindow executeCommand
INFO: Invalid command: add p/11111111 e/amy@example.com a/Block 312, Amy Street 1
Mar 17, 2019 2:11:59 PM seedu.address.logic.LogicManager execute
INFO: ----------------[USER COMMAND][add n/Amy Bee e/amy@example.com a/Block 312, Amy Street 1]
Mar 17, 2019 2:11:59 PM seedu.address.ui.MainWindow executeCommand
INFO: Invalid command: add n/Amy Bee e/amy@example.com a/Block 312, Amy Street 1
Mar 17, 2019 2:11:59 PM seedu.address.logic.LogicManager execute
INFO: ----------------[USER COMMAND][add n/Amy Bee p/11111111 a/Block 312, Amy Street 1]
Mar 17, 2019 2:11:59 PM seedu.address.ui.MainWindow executeCommand
INFO: Invalid command: add n/Amy Bee p/11111111 a/Block 312, Amy Street 1
Mar 17, 2019 2:12:00 PM seedu.address.logic.LogicManager execute
INFO: ----------------[USER COMMAND][add n/Amy Bee p/11111111 e/amy@example.com]
Mar 17, 2019 2:12:00 PM seedu.address.ui.MainWindow executeCommand
INFO: Invalid command: add n/Amy Bee p/11111111 e/amy@example.com
Mar 17, 2019 2:12:01 PM seedu.address.logic.LogicManager execute
INFO: ----------------[USER COMMAND][adds n/Hoon Meier p/8482424 e/stefan@example.com a/Block 123, Bobby Street 3 ]
Mar 17, 2019 2:12:01 PM seedu.address.ui.MainWindow executeCommand
INFO: Invalid command: adds n/Hoon Meier p/8482424 e/stefan@example.com a/Block 123, Bobby Street 3 
Mar 17, 2019 2:12:01 PM seedu.address.logic.LogicManager execute
INFO: ----------------[USER COMMAND][add n/James& p/11111111 e/amy@example.com a/Block 312, Amy Street 1]
Mar 17, 2019 2:12:01 PM seedu.address.ui.MainWindow executeCommand
INFO: Invalid command: add n/James& p/11111111 e/amy@example.com a/Block 312, Amy Street 1
Mar 17, 2019 2:12:02 PM seedu.address.logic.LogicManager execute
INFO: ----------------[USER COMMAND][add n/Amy Bee p/911a e/amy@example.com a/Block 312, Amy Street 1]
Mar 17, 2019 2:12:02 PM seedu.address.ui.MainWindow executeCommand
INFO: Invalid command: add n/Amy Bee p/911a e/amy@example.com a/Block 312, Amy Street 1
Mar 17, 2019 2:12:03 PM seedu.address.logic.LogicManager execute
INFO: ----------------[USER COMMAND][add n/Amy Bee p/11111111 e/bob!yahoo a/Block 312, Amy Street 1]
Mar 17, 2019 2:12:03 PM seedu.address.ui.MainWindow executeCommand
INFO: Invalid command: add n/Amy Bee p/11111111 e/bob!yahoo a/Block 312, Amy Street 1
Mar 17, 2019 2:12:03 PM seedu.address.logic.LogicManager execute
INFO: ----------------[USER COMMAND][add n/Amy Bee p/11111111 e/amy@example.com a/]
Mar 17, 2019 2:12:03 PM seedu.address.ui.MainWindow executeCommand
INFO: Invalid command: add n/Amy Bee p/11111111 e/amy@example.com a/
Mar 17, 2019 2:12:04 PM seedu.address.logic.LogicManager execute
INFO: ----------------[USER COMMAND][add n/Amy Bee p/11111111 e/amy@example.com a/Block 312, Amy Street 1 t/hubby*]
Mar 17, 2019 2:12:04 PM seedu.address.ui.MainWindow executeCommand
INFO: Invalid command: add n/Amy Bee p/11111111 e/amy@example.com a/Block 312, Amy Street 1 t/hubby*
]]></system-err>
</testsuite>
