<?xml version="1.0" encoding="UTF-8"?>
<testsuite name="seedu.address.storage.JsonAddressBookStorageTest" tests="8" skipped="0" failures="0" errors="0" timestamp="2019-03-17T06:12:58" hostname="jwldeMacBook-Pro.local" time="0.046">
  <properties/>
  <testcase name="read_missingFile_emptyResult" classname="seedu.address.storage.JsonAddressBookStorageTest" time="0.002"/>
  <testcase name="saveAddressBook_nullAddressBook_throwsNullPointerException" classname="seedu.address.storage.JsonAddressBookStorageTest" time="0.002"/>
  <testcase name="saveAddressBook_nullFilePath_throwsNullPointerException" classname="seedu.address.storage.JsonAddressBookStorageTest" time="0.006"/>
  <testcase name="readAddressBook_invalidAndValidPersonAddressBook_throwDataConversionException" classname="seedu.address.storage.JsonAddressBookStorageTest" time="0.01"/>
  <testcase name="readAndSaveAddressBook_allInOrder_success" classname="seedu.address.storage.JsonAddressBookStorageTest" time="0.007"/>
  <testcase name="readAddressBook_nullFilePath_throwsNullPointerException" classname="seedu.address.storage.JsonAddressBookStorageTest" time="0.001"/>
  <testcase name="read_notJsonFormat_exceptionThrown" classname="seedu.address.storage.JsonAddressBookStorageTest" time="0.002"/>
  <testcase name="readAddressBook_invalidPersonAddressBook_throwDataConversionException" classname="seedu.address.storage.JsonAddressBookStorageTest" time="0.003"/>
  <system-out><![CDATA[]]></system-out>
  <system-err><![CDATA[Mar 17, 2019 2:12:58 PM seedu.address.commons.util.JsonUtil readJsonFile
INFO: Json file src/test/data/JsonAddressBookStorageTest/NonExistentFile.json not found
Mar 17, 2019 2:12:58 PM seedu.address.storage.JsonAddressBookStorage readAddressBook
INFO: Illegal values found in src/test/data/JsonAddressBookStorageTest/invalidAndValidPersonAddressBook.json: Phone numbers should only contain numbers, and it should be at least 3 digits long
Mar 17, 2019 2:12:58 PM seedu.address.commons.util.JsonUtil readJsonFile
WARNING: Error reading from jsonFile file src/test/data/JsonAddressBookStorageTest/notJsonFormatAddressBook.json: com.fasterxml.jackson.core.JsonParseException: Unrecognized token 'not': was expecting 'null', 'true', 'false' or NaN
 at [Source: not json format!
; line: 1, column: 4]
Mar 17, 2019 2:12:58 PM seedu.address.storage.JsonAddressBookStorage readAddressBook
INFO: Illegal values found in src/test/data/JsonAddressBookStorageTest/invalidPersonAddressBook.json: Names should only contain alphanumeric characters and spaces, and it should not be blank
]]></system-err>
</testsuite>
