<?xml version="1.0" encoding="UTF-8"?>
<testsuite name="seedu.address.logic.CommandHistoryTest" tests="4" skipped="0" failures="0" errors="0" timestamp="2019-03-17T06:12:57" hostname="jwldeMacBook-Pro.local" time="0.004">
  <properties/>
  <testcase name="equals" classname="seedu.address.logic.CommandHistoryTest" time="0.001"/>
  <testcase name="constructor_withCommandHistory_copiesCommandHistory" classname="seedu.address.logic.CommandHistoryTest" time="0.001"/>
  <testcase name="add" classname="seedu.address.logic.CommandHistoryTest" time="0.0"/>
  <testcase name="hashcode" classname="seedu.address.logic.CommandHistoryTest" time="0.0"/>
  <system-out><![CDATA[]]></system-out>
  <system-err><![CDATA[]]></system-err>
</testsuite>
