<?xml version="1.0" encoding="UTF-8"?>
<testsuite name="seedu.address.model.ModelManagerTest" tests="17" skipped="0" failures="0" errors="0" timestamp="2019-03-17T06:12:58" hostname="jwldeMacBook-Pro.local" time="0.018">
  <properties/>
  <testcase name="setUserPrefs_nullUserPrefs_throwsNullPointerException" classname="seedu.address.model.ModelManagerTest" time="0.0"/>
  <testcase name="constructor" classname="seedu.address.model.ModelManagerTest" time="0.001"/>
  <testcase name="hasPerson_nullPerson_throwsNullPointerException" classname="seedu.address.model.ModelManagerTest" time="0.0"/>
  <testcase name="hasPerson_personInAddressBook_returnsTrue" classname="seedu.address.model.ModelManagerTest" time="0.0"/>
  <testcase name="setGuiSettings_validGuiSettings_setsGuiSettings" classname="seedu.address.model.ModelManagerTest" time="0.0"/>
  <testcase name="equals" classname="seedu.address.model.ModelManagerTest" time="0.001"/>
  <testcase name="setAddressBookFilePath_nullPath_throwsNullPointerException" classname="seedu.address.model.ModelManagerTest" time="0.0"/>
  <testcase name="deletePerson_personIsSelectedAndSecondPersonInFilteredPersonList_firstPersonSelected" classname="seedu.address.model.ModelManagerTest" time="0.0"/>
  <testcase name="setSelectedPerson_personInFilteredPersonList_setsSelectedPerson" classname="seedu.address.model.ModelManagerTest" time="0.0"/>
  <testcase name="setPerson_personIsSelected_selectedPersonUpdated" classname="seedu.address.model.ModelManagerTest" time="0.003"/>
  <testcase name="setUserPrefs_validUserPrefs_copiesUserPrefs" classname="seedu.address.model.ModelManagerTest" time="0.0"/>
  <testcase name="setAddressBookFilePath_validPath_setsAddressBookFilePath" classname="seedu.address.model.ModelManagerTest" time="0.0"/>
  <testcase name="setSelectedPerson_personNotInFilteredPersonList_throwsPersonNotFoundException" classname="seedu.address.model.ModelManagerTest" time="0.0"/>
  <testcase name="hasPerson_personNotInAddressBook_returnsFalse" classname="seedu.address.model.ModelManagerTest" time="0.001"/>
  <testcase name="getFilteredPersonList_modifyList_throwsUnsupportedOperationException" classname="seedu.address.model.ModelManagerTest" time="0.001"/>
  <testcase name="deletePerson_personIsSelectedAndFirstPersonInFilteredPersonList_selectionCleared" classname="seedu.address.model.ModelManagerTest" time="0.001"/>
  <testcase name="setGuiSettings_nullGuiSettings_throwsNullPointerException" classname="seedu.address.model.ModelManagerTest" time="0.0"/>
  <system-out><![CDATA[]]></system-out>
  <system-err><![CDATA[]]></system-err>
</testsuite>
