<?xml version="1.0" encoding="UTF-8"?>
<testsuite name="systemtests.DeleteCommandSystemTest" tests="1" skipped="0" failures="0" errors="0" timestamp="2019-03-17T06:12:33" hostname="jwldeMacBook-Pro.local" time="10.328">
  <properties/>
  <testcase name="delete" classname="systemtests.DeleteCommandSystemTest" time="10.328"/>
  <system-out><![CDATA[]]></system-out>
  <system-err><![CDATA[Mar 17, 2019 2:12:33 PM seedu.address.MainApp init
INFO: =============================[ Initializing AddressBook ]===========================
Mar 17, 2019 2:12:33 PM seedu.address.MainApp initConfig
INFO: Using config file : config.json
Mar 17, 2019 2:12:33 PM seedu.address.MainApp initPrefs
INFO: Using prefs file : src/test/data/sandbox/pref_testing.json
Mar 17, 2019 2:12:33 PM seedu.address.commons.core.LogsCenter init
INFO: currentLogLevel: INFO
Mar 17, 2019 2:12:33 PM seedu.address.ui.UiManager start
INFO: Starting UI...
Mar 17, 2019 2:12:33 PM guitests.guihandles.StageHandle focus
INFO: Focusing onAddress App
Mar 17, 2019 2:12:33 PM guitests.guihandles.StageHandle focus
INFO: Finishing focus onAddress App
Mar 17, 2019 2:12:34 PM seedu.address.logic.LogicManager execute
INFO: ----------------[USER COMMAND][     delete      1       ]
Mar 17, 2019 2:12:34 PM seedu.address.logic.LogicManager execute
INFO: Address book modified, saving to file.
Mar 17, 2019 2:12:34 PM seedu.address.ui.MainWindow executeCommand
INFO: Result: Deleted Person: Alice Pauline Phone: 94351253 Email: alice@example.com Address: 123, Jurong West Ave 6, #08-111 Tags: [friends]
Mar 17, 2019 2:12:35 PM seedu.address.logic.LogicManager execute
INFO: ----------------[USER COMMAND][delete 6]
Mar 17, 2019 2:12:35 PM seedu.address.logic.LogicManager execute
INFO: Address book modified, saving to file.
Mar 17, 2019 2:12:35 PM seedu.address.ui.MainWindow executeCommand
INFO: Result: Deleted Person: George Best Phone: 9482442 Email: anna@example.com Address: 4th street Tags: 
Mar 17, 2019 2:12:36 PM seedu.address.logic.LogicManager execute
INFO: ----------------[USER COMMAND][undo]
Mar 17, 2019 2:12:36 PM seedu.address.logic.LogicManager execute
INFO: Address book modified, saving to file.
Mar 17, 2019 2:12:36 PM seedu.address.ui.MainWindow executeCommand
INFO: Result: Undo success!
Mar 17, 2019 2:12:36 PM seedu.address.logic.LogicManager execute
INFO: ----------------[USER COMMAND][redo]
Mar 17, 2019 2:12:36 PM seedu.address.logic.LogicManager execute
INFO: Address book modified, saving to file.
Mar 17, 2019 2:12:36 PM seedu.address.ui.MainWindow executeCommand
INFO: Result: Redo success!
Mar 17, 2019 2:12:37 PM seedu.address.logic.LogicManager execute
INFO: ----------------[USER COMMAND][delete 2]
Mar 17, 2019 2:12:37 PM seedu.address.logic.LogicManager execute
INFO: Address book modified, saving to file.
Mar 17, 2019 2:12:37 PM seedu.address.ui.MainWindow executeCommand
INFO: Result: Deleted Person: Carl Kurz Phone: 95352563 Email: heinz@example.com Address: wall street Tags: 
Mar 17, 2019 2:12:38 PM seedu.address.logic.LogicManager execute
INFO: ----------------[USER COMMAND][find Meier]
Mar 17, 2019 2:12:38 PM seedu.address.ui.MainWindow executeCommand
INFO: Result: 2 persons listed!
Mar 17, 2019 2:12:38 PM seedu.address.logic.LogicManager execute
INFO: ----------------[USER COMMAND][delete 1]
Mar 17, 2019 2:12:38 PM seedu.address.logic.LogicManager execute
INFO: Address book modified, saving to file.
Mar 17, 2019 2:12:38 PM seedu.address.ui.MainWindow executeCommand
INFO: Result: Deleted Person: Benson Meier Phone: 98765432 Email: johnd@example.com Address: 311, Clementi Ave 2, #02-25 Tags: [owesMoney][friends]
Mar 17, 2019 2:12:39 PM seedu.address.logic.LogicManager execute
INFO: ----------------[USER COMMAND][find Meier]
Mar 17, 2019 2:12:39 PM seedu.address.ui.MainWindow executeCommand
INFO: Result: 1 persons listed!
Mar 17, 2019 2:12:39 PM seedu.address.logic.LogicManager execute
INFO: ----------------[USER COMMAND][delete 3]
Mar 17, 2019 2:12:39 PM seedu.address.ui.MainWindow executeCommand
INFO: Invalid command: delete 3
Mar 17, 2019 2:12:39 PM seedu.address.logic.LogicManager execute
INFO: ----------------[USER COMMAND][list]
Mar 17, 2019 2:12:39 PM seedu.address.ui.MainWindow executeCommand
INFO: Result: Listed all persons
Mar 17, 2019 2:12:40 PM seedu.address.logic.LogicManager execute
INFO: ----------------[USER COMMAND][select 3]
Mar 17, 2019 2:12:40 PM seedu.address.ui.MainWindow executeCommand
INFO: Result: Selected Person: 3
Mar 17, 2019 2:12:40 PM seedu.address.logic.LogicManager execute
INFO: ----------------[USER COMMAND][delete 3]
Mar 17, 2019 2:12:40 PM seedu.address.logic.LogicManager execute
INFO: Address book modified, saving to file.
Mar 17, 2019 2:12:40 PM seedu.address.ui.MainWindow executeCommand
INFO: Result: Deleted Person: Fiona Kunz Phone: 9482427 Email: lydia@example.com Address: little tokyo Tags: 
Mar 17, 2019 2:12:41 PM seedu.address.logic.LogicManager execute
INFO: ----------------[USER COMMAND][delete 0]
Mar 17, 2019 2:12:41 PM seedu.address.ui.MainWindow executeCommand
INFO: Invalid command: delete 0
Mar 17, 2019 2:12:41 PM seedu.address.logic.LogicManager execute
INFO: ----------------[USER COMMAND][delete -1]
Mar 17, 2019 2:12:41 PM seedu.address.ui.MainWindow executeCommand
INFO: Invalid command: delete -1
Mar 17, 2019 2:12:42 PM seedu.address.logic.LogicManager execute
INFO: ----------------[USER COMMAND][delete 3]
Mar 17, 2019 2:12:42 PM seedu.address.ui.MainWindow executeCommand
INFO: Invalid command: delete 3
Mar 17, 2019 2:12:42 PM seedu.address.logic.LogicManager execute
INFO: ----------------[USER COMMAND][delete abc]
Mar 17, 2019 2:12:42 PM seedu.address.ui.MainWindow executeCommand
INFO: Invalid command: delete abc
Mar 17, 2019 2:12:43 PM seedu.address.logic.LogicManager execute
INFO: ----------------[USER COMMAND][delete 1 abc]
Mar 17, 2019 2:12:43 PM seedu.address.ui.MainWindow executeCommand
INFO: Invalid command: delete 1 abc
Mar 17, 2019 2:12:43 PM seedu.address.logic.LogicManager execute
INFO: ----------------[USER COMMAND][DelETE 1]
Mar 17, 2019 2:12:43 PM seedu.address.ui.MainWindow executeCommand
INFO: Invalid command: DelETE 1
]]></system-err>
</testsuite>
