<?xml version="1.0" encoding="UTF-8"?>
<testsuite name="seedu.address.logic.commands.ClearCommandTest" tests="2" skipped="0" failures="0" errors="0" timestamp="2019-03-17T06:12:58" hostname="jwldeMacBook-Pro.local" time="0.002">
  <properties/>
  <testcase name="execute_emptyAddressBook_success" classname="seedu.address.logic.commands.ClearCommandTest" time="0.001"/>
  <testcase name="execute_nonEmptyAddressBook_success" classname="seedu.address.logic.commands.ClearCommandTest" time="0.001"/>
  <system-out><![CDATA[]]></system-out>
  <system-err><![CDATA[]]></system-err>
</testsuite>
