<?xml version="1.0" encoding="UTF-8"?>
<testsuite name="seedu.address.commons.core.ConfigTest" tests="2" skipped="0" failures="0" errors="0" timestamp="2019-03-17T06:12:57" hostname="jwldeMacBook-Pro.local" time="0.001">
  <properties/>
  <testcase name="equalsMethod" classname="seedu.address.commons.core.ConfigTest" time="0.0"/>
  <testcase name="toString_defaultObject_stringReturned" classname="seedu.address.commons.core.ConfigTest" time="0.001"/>
  <system-out><![CDATA[]]></system-out>
  <system-err><![CDATA[]]></system-err>
</testsuite>
