<?xml version="1.0" encoding="UTF-8"?>
<testsuite name="systemtests.EditCommandSystemTest" tests="1" skipped="0" failures="0" errors="0" timestamp="2019-03-17T06:10:57" hostname="jwldeMacBook-Pro.local" time="31.805">
  <properties/>
  <testcase name="edit" classname="systemtests.EditCommandSystemTest" time="31.805"/>
  <system-out><![CDATA[]]></system-out>
  <system-err><![CDATA[Mar 17, 2019 2:10:58 PM seedu.address.MainApp init
INFO: =============================[ Initializing AddressBook ]===========================
Mar 17, 2019 2:10:58 PM seedu.address.MainApp initConfig
INFO: Using config file : config.json
Mar 17, 2019 2:10:58 PM seedu.address.MainApp initPrefs
INFO: Using prefs file : src/test/data/sandbox/pref_testing.json
Mar 17, 2019 2:10:58 PM seedu.address.commons.core.LogsCenter init
INFO: currentLogLevel: INFO
Mar 17, 2019 2:10:58 PM seedu.address.ui.UiManager start
INFO: Starting UI...
Mar 17, 2019 2:11:03 PM guitests.guihandles.StageHandle focus
INFO: Focusing onAddress App
Mar 17, 2019 2:11:03 PM guitests.guihandles.StageHandle focus
INFO: Finishing focus onAddress App
Mar 17, 2019 2:11:05 PM seedu.address.logic.LogicManager execute
INFO: ----------------[USER COMMAND][ edit  1   n/Bob Choo   p/22222222  e/bob@example.com   a/Block 123, Bobby Street 3  t/husband ]
Mar 17, 2019 2:11:05 PM seedu.address.logic.LogicManager execute
INFO: Address book modified, saving to file.
Mar 17, 2019 2:11:05 PM seedu.address.ui.MainWindow executeCommand
INFO: Result: Edited Person: Bob Choo Phone: 22222222 Email: bob@example.com Address: Block 123, Bobby Street 3 Tags: [husband]
Mar 17, 2019 2:11:06 PM seedu.address.logic.LogicManager execute
INFO: ----------------[USER COMMAND][undo]
Mar 17, 2019 2:11:06 PM seedu.address.logic.LogicManager execute
INFO: Address book modified, saving to file.
Mar 17, 2019 2:11:06 PM seedu.address.ui.MainWindow executeCommand
INFO: Result: Undo success!
Mar 17, 2019 2:11:07 PM seedu.address.logic.LogicManager execute
INFO: ----------------[USER COMMAND][redo]
Mar 17, 2019 2:11:07 PM seedu.address.logic.LogicManager execute
INFO: Address book modified, saving to file.
Mar 17, 2019 2:11:07 PM seedu.address.ui.MainWindow executeCommand
INFO: Result: Redo success!
Mar 17, 2019 2:11:08 PM seedu.address.logic.LogicManager execute
INFO: ----------------[USER COMMAND][edit 1 n/Bob Choo p/22222222 e/bob@example.com a/Block 123, Bobby Street 3 t/friend t/husband]
Mar 17, 2019 2:11:08 PM seedu.address.logic.LogicManager execute
INFO: Address book modified, saving to file.
Mar 17, 2019 2:11:08 PM seedu.address.ui.MainWindow executeCommand
INFO: Result: Edited Person: Bob Choo Phone: 22222222 Email: bob@example.com Address: Block 123, Bobby Street 3 Tags: [friend][husband]
Mar 17, 2019 2:11:09 PM seedu.address.logic.LogicManager execute
INFO: ----------------[USER COMMAND][edit 2 n/Amy Bee p/22222222 e/bob@example.com a/Block 123, Bobby Street 3 t/friend t/husband]
Mar 17, 2019 2:11:09 PM seedu.address.logic.LogicManager execute
INFO: Address book modified, saving to file.
Mar 17, 2019 2:11:09 PM seedu.address.ui.MainWindow executeCommand
INFO: Result: Edited Person: Amy Bee Phone: 22222222 Email: bob@example.com Address: Block 123, Bobby Street 3 Tags: [friend][husband]
Mar 17, 2019 2:11:10 PM seedu.address.logic.LogicManager execute
INFO: ----------------[USER COMMAND][edit 2 n/Bob Choo p/11111111 e/amy@example.com a/Block 123, Bobby Street 3 t/friend t/husband]
Mar 17, 2019 2:11:10 PM seedu.address.logic.LogicManager execute
INFO: Address book modified, saving to file.
Mar 17, 2019 2:11:10 PM seedu.address.ui.MainWindow executeCommand
INFO: Result: Edited Person: Bob Choo Phone: 11111111 Email: amy@example.com Address: Block 123, Bobby Street 3 Tags: [friend][husband]
Mar 17, 2019 2:11:11 PM seedu.address.logic.LogicManager execute
INFO: ----------------[USER COMMAND][edit 1 t/]
Mar 17, 2019 2:11:11 PM seedu.address.logic.LogicManager execute
INFO: Address book modified, saving to file.
Mar 17, 2019 2:11:11 PM seedu.address.ui.MainWindow executeCommand
INFO: Result: Edited Person: Bob Choo Phone: 22222222 Email: bob@example.com Address: Block 123, Bobby Street 3 Tags: 
Mar 17, 2019 2:11:12 PM seedu.address.logic.LogicManager execute
INFO: ----------------[USER COMMAND][find Meier]
Mar 17, 2019 2:11:12 PM seedu.address.ui.MainWindow executeCommand
INFO: Result: 1 persons listed!
Mar 17, 2019 2:11:13 PM seedu.address.logic.LogicManager execute
INFO: ----------------[USER COMMAND][edit 1  n/Bob Choo]
Mar 17, 2019 2:11:13 PM seedu.address.logic.LogicManager execute
INFO: Address book modified, saving to file.
Mar 17, 2019 2:11:13 PM seedu.address.ui.MainWindow executeCommand
INFO: Result: Edited Person: Bob Choo Phone: 87652533 Email: cornelia@example.com Address: 10th street Tags: [friends]
Mar 17, 2019 2:11:13 PM seedu.address.logic.LogicManager execute
INFO: ----------------[USER COMMAND][find Meier]
Mar 17, 2019 2:11:13 PM seedu.address.ui.MainWindow executeCommand
INFO: Result: 0 persons listed!
Mar 17, 2019 2:11:14 PM seedu.address.logic.LogicManager execute
INFO: ----------------[USER COMMAND][edit 7 n/Bob Choo]
Mar 17, 2019 2:11:14 PM seedu.address.ui.MainWindow executeCommand
INFO: Invalid command: edit 7 n/Bob Choo
Mar 17, 2019 2:11:14 PM seedu.address.logic.LogicManager execute
INFO: ----------------[USER COMMAND][list]
Mar 17, 2019 2:11:14 PM seedu.address.ui.MainWindow executeCommand
INFO: Result: Listed all persons
Mar 17, 2019 2:11:15 PM seedu.address.logic.LogicManager execute
INFO: ----------------[USER COMMAND][select 1]
Mar 17, 2019 2:11:15 PM seedu.address.ui.MainWindow executeCommand
INFO: Result: Selected Person: 1
Mar 17, 2019 2:11:16 PM seedu.address.logic.LogicManager execute
INFO: ----------------[USER COMMAND][edit 1 n/Amy Bee p/11111111 e/amy@example.com a/Block 312, Amy Street 1 t/friend]
Mar 17, 2019 2:11:16 PM seedu.address.logic.LogicManager execute
INFO: Address book modified, saving to file.
Mar 17, 2019 2:11:16 PM seedu.address.ui.MainWindow executeCommand
INFO: Result: Edited Person: Amy Bee Phone: 11111111 Email: amy@example.com Address: Block 312, Amy Street 1 Tags: [friend]
Mar 17, 2019 2:11:17 PM seedu.address.logic.LogicManager execute
INFO: ----------------[USER COMMAND][edit 0 n/Bob Choo]
Mar 17, 2019 2:11:17 PM seedu.address.ui.MainWindow executeCommand
INFO: Invalid command: edit 0 n/Bob Choo
Mar 17, 2019 2:11:18 PM seedu.address.logic.LogicManager execute
INFO: ----------------[USER COMMAND][edit -1 n/Bob Choo]
Mar 17, 2019 2:11:18 PM seedu.address.ui.MainWindow executeCommand
INFO: Invalid command: edit -1 n/Bob Choo
Mar 17, 2019 2:11:18 PM seedu.address.logic.LogicManager execute
INFO: ----------------[USER COMMAND][edit 8 n/Bob Choo]
Mar 17, 2019 2:11:18 PM seedu.address.ui.MainWindow executeCommand
INFO: Invalid command: edit 8 n/Bob Choo
Mar 17, 2019 2:11:19 PM seedu.address.logic.LogicManager execute
INFO: ----------------[USER COMMAND][edit n/Bob Choo]
Mar 17, 2019 2:11:19 PM seedu.address.ui.MainWindow executeCommand
INFO: Invalid command: edit n/Bob Choo
Mar 17, 2019 2:11:20 PM seedu.address.logic.LogicManager execute
INFO: ----------------[USER COMMAND][edit 1]
Mar 17, 2019 2:11:20 PM seedu.address.ui.MainWindow executeCommand
INFO: Invalid command: edit 1
Mar 17, 2019 2:11:21 PM seedu.address.logic.LogicManager execute
INFO: ----------------[USER COMMAND][edit 1 n/James&]
Mar 17, 2019 2:11:21 PM seedu.address.ui.MainWindow executeCommand
INFO: Invalid command: edit 1 n/James&
Mar 17, 2019 2:11:21 PM seedu.address.logic.LogicManager execute
INFO: ----------------[USER COMMAND][edit 1 p/911a]
Mar 17, 2019 2:11:21 PM seedu.address.ui.MainWindow executeCommand
INFO: Invalid command: edit 1 p/911a
Mar 17, 2019 2:11:22 PM seedu.address.logic.LogicManager execute
INFO: ----------------[USER COMMAND][edit 1 e/bob!yahoo]
Mar 17, 2019 2:11:22 PM seedu.address.ui.MainWindow executeCommand
INFO: Invalid command: edit 1 e/bob!yahoo
Mar 17, 2019 2:11:23 PM seedu.address.logic.LogicManager execute
INFO: ----------------[USER COMMAND][edit 1 a/]
Mar 17, 2019 2:11:23 PM seedu.address.ui.MainWindow executeCommand
INFO: Invalid command: edit 1 a/
Mar 17, 2019 2:11:24 PM seedu.address.logic.LogicManager execute
INFO: ----------------[USER COMMAND][edit 1 t/hubby*]
Mar 17, 2019 2:11:24 PM seedu.address.ui.MainWindow executeCommand
INFO: Invalid command: edit 1 t/hubby*
Mar 17, 2019 2:11:25 PM seedu.address.logic.LogicManager execute
INFO: ----------------[USER COMMAND][add n/Bob Choo p/22222222 e/bob@example.com a/Block 123, Bobby Street 3 t/friend t/husband ]
Mar 17, 2019 2:11:25 PM seedu.address.logic.LogicManager execute
INFO: Address book modified, saving to file.
Mar 17, 2019 2:11:25 PM seedu.address.ui.MainWindow executeCommand
INFO: Result: New person added: Bob Choo Phone: 22222222 Email: bob@example.com Address: Block 123, Bobby Street 3 Tags: [friend][husband]
Mar 17, 2019 2:11:25 PM seedu.address.logic.LogicManager execute
INFO: ----------------[USER COMMAND][edit 1 n/Bob Choo p/22222222 e/bob@example.com a/Block 123, Bobby Street 3 t/friend t/husband]
Mar 17, 2019 2:11:25 PM seedu.address.ui.MainWindow executeCommand
INFO: Invalid command: edit 1 n/Bob Choo p/22222222 e/bob@example.com a/Block 123, Bobby Street 3 t/friend t/husband
Mar 17, 2019 2:11:26 PM seedu.address.logic.LogicManager execute
INFO: ----------------[USER COMMAND][edit 1 n/Bob Choo p/22222222 e/bob@example.com a/Block 123, Bobby Street 3 t/husband]
Mar 17, 2019 2:11:26 PM seedu.address.ui.MainWindow executeCommand
INFO: Invalid command: edit 1 n/Bob Choo p/22222222 e/bob@example.com a/Block 123, Bobby Street 3 t/husband
Mar 17, 2019 2:11:27 PM seedu.address.logic.LogicManager execute
INFO: ----------------[USER COMMAND][edit 1 n/Bob Choo p/22222222 e/bob@example.com a/Block 312, Amy Street 1 t/friend t/husband]
Mar 17, 2019 2:11:27 PM seedu.address.ui.MainWindow executeCommand
INFO: Invalid command: edit 1 n/Bob Choo p/22222222 e/bob@example.com a/Block 312, Amy Street 1 t/friend t/husband
Mar 17, 2019 2:11:27 PM seedu.address.logic.LogicManager execute
INFO: ----------------[USER COMMAND][edit 1 n/Bob Choo p/11111111 e/bob@example.com a/Block 123, Bobby Street 3 t/friend t/husband]
Mar 17, 2019 2:11:27 PM seedu.address.ui.MainWindow executeCommand
INFO: Invalid command: edit 1 n/Bob Choo p/11111111 e/bob@example.com a/Block 123, Bobby Street 3 t/friend t/husband
Mar 17, 2019 2:11:28 PM seedu.address.logic.LogicManager execute
INFO: ----------------[USER COMMAND][edit 1 n/Bob Choo p/22222222 e/amy@example.com a/Block 123, Bobby Street 3 t/friend t/husband]
Mar 17, 2019 2:11:28 PM seedu.address.ui.MainWindow executeCommand
INFO: Invalid command: edit 1 n/Bob Choo p/22222222 e/amy@example.com a/Block 123, Bobby Street 3 t/friend t/husband
]]></system-err>
</testsuite>
