<?xml version="1.0" encoding="UTF-8"?>
<testsuite name="seedu.address.model.person.EmailTest" tests="3" skipped="0" failures="0" errors="0" timestamp="2019-03-17T06:12:58" hostname="jwldeMacBook-Pro.local" time="0.007">
  <properties/>
  <testcase name="constructor_invalidEmail_throwsIllegalArgumentException" classname="seedu.address.model.person.EmailTest" time="0.001"/>
  <testcase name="constructor_null_throwsNullPointerException" classname="seedu.address.model.person.EmailTest" time="0.0"/>
  <testcase name="isValidEmail" classname="seedu.address.model.person.EmailTest" time="0.004"/>
  <system-out><![CDATA[]]></system-out>
  <system-err><![CDATA[]]></system-err>
</testsuite>
