<?xml version="1.0" encoding="UTF-8"?>
<testsuite name="systemtests.ClearCommandSystemTest" tests="1" skipped="0" failures="0" errors="0" timestamp="2019-03-17T06:12:27" hostname="jwldeMacBook-Pro.local" time="6.122">
  <properties/>
  <testcase name="clear" classname="systemtests.ClearCommandSystemTest" time="6.122"/>
  <system-out><![CDATA[]]></system-out>
  <system-err><![CDATA[Mar 17, 2019 2:12:27 PM seedu.address.MainApp init
INFO: =============================[ Initializing AddressBook ]===========================
Mar 17, 2019 2:12:27 PM seedu.address.MainApp initConfig
INFO: Using config file : config.json
Mar 17, 2019 2:12:27 PM seedu.address.MainApp initPrefs
INFO: Using prefs file : src/test/data/sandbox/pref_testing.json
Mar 17, 2019 2:12:27 PM seedu.address.commons.core.LogsCenter init
INFO: currentLogLevel: INFO
Mar 17, 2019 2:12:27 PM seedu.address.ui.UiManager start
INFO: Starting UI...
Mar 17, 2019 2:12:28 PM guitests.guihandles.StageHandle focus
INFO: Focusing onAddress App
Mar 17, 2019 2:12:28 PM guitests.guihandles.StageHandle focus
INFO: Finishing focus onAddress App
Mar 17, 2019 2:12:29 PM seedu.address.logic.LogicManager execute
INFO: ----------------[USER COMMAND][   clear ab12   ]
Mar 17, 2019 2:12:29 PM seedu.address.logic.LogicManager execute
INFO: Address book modified, saving to file.
Mar 17, 2019 2:12:29 PM seedu.address.ui.MainWindow executeCommand
INFO: Result: Address book has been cleared!
Mar 17, 2019 2:12:29 PM seedu.address.logic.LogicManager execute
INFO: ----------------[USER COMMAND][undo]
Mar 17, 2019 2:12:29 PM seedu.address.logic.LogicManager execute
INFO: Address book modified, saving to file.
Mar 17, 2019 2:12:29 PM seedu.address.ui.MainWindow executeCommand
INFO: Result: Undo success!
Mar 17, 2019 2:12:30 PM seedu.address.logic.LogicManager execute
INFO: ----------------[USER COMMAND][redo]
Mar 17, 2019 2:12:30 PM seedu.address.logic.LogicManager execute
INFO: Address book modified, saving to file.
Mar 17, 2019 2:12:30 PM seedu.address.ui.MainWindow executeCommand
INFO: Result: Redo success!
Mar 17, 2019 2:12:30 PM seedu.address.logic.LogicManager execute
INFO: ----------------[USER COMMAND][undo]
Mar 17, 2019 2:12:30 PM seedu.address.logic.LogicManager execute
INFO: Address book modified, saving to file.
Mar 17, 2019 2:12:30 PM seedu.address.ui.MainWindow executeCommand
INFO: Result: Undo success!
Mar 17, 2019 2:12:31 PM seedu.address.logic.LogicManager execute
INFO: ----------------[USER COMMAND][select 1]
Mar 17, 2019 2:12:31 PM seedu.address.ui.MainWindow executeCommand
INFO: Result: Selected Person: 1
Mar 17, 2019 2:12:31 PM seedu.address.logic.LogicManager execute
INFO: ----------------[USER COMMAND][clear]
Mar 17, 2019 2:12:31 PM seedu.address.logic.LogicManager execute
INFO: Address book modified, saving to file.
Mar 17, 2019 2:12:31 PM seedu.address.ui.MainWindow executeCommand
INFO: Result: Address book has been cleared!
Mar 17, 2019 2:12:31 PM seedu.address.logic.LogicManager execute
INFO: ----------------[USER COMMAND][undo]
Mar 17, 2019 2:12:31 PM seedu.address.logic.LogicManager execute
INFO: Address book modified, saving to file.
Mar 17, 2019 2:12:31 PM seedu.address.ui.MainWindow executeCommand
INFO: Result: Undo success!
Mar 17, 2019 2:12:32 PM seedu.address.logic.LogicManager execute
INFO: ----------------[USER COMMAND][find Meier]
Mar 17, 2019 2:12:32 PM seedu.address.ui.MainWindow executeCommand
INFO: Result: 2 persons listed!
Mar 17, 2019 2:12:32 PM seedu.address.logic.LogicManager execute
INFO: ----------------[USER COMMAND][clear]
Mar 17, 2019 2:12:32 PM seedu.address.logic.LogicManager execute
INFO: Address book modified, saving to file.
Mar 17, 2019 2:12:32 PM seedu.address.ui.MainWindow executeCommand
INFO: Result: Address book has been cleared!
Mar 17, 2019 2:12:32 PM seedu.address.logic.LogicManager execute
INFO: ----------------[USER COMMAND][clear]
Mar 17, 2019 2:12:32 PM seedu.address.logic.LogicManager execute
INFO: Address book modified, saving to file.
Mar 17, 2019 2:12:32 PM seedu.address.ui.MainWindow executeCommand
INFO: Result: Address book has been cleared!
Mar 17, 2019 2:12:33 PM seedu.address.logic.LogicManager execute
INFO: ----------------[USER COMMAND][ClEaR]
Mar 17, 2019 2:12:33 PM seedu.address.ui.MainWindow executeCommand
INFO: Invalid command: ClEaR
]]></system-err>
</testsuite>
