<?xml version="1.0" encoding="UTF-8"?>
<testsuite name="seedu.address.ui.MainWindowCloseTest" tests="2" skipped="0" failures="0" errors="0" timestamp="2019-03-17T06:12:54" hostname="jwldeMacBook-Pro.local" time="2.165">
  <properties/>
  <testcase name="close_menuBarExitButton_allWindowsClosed" classname="seedu.address.ui.MainWindowCloseTest" time="1.135"/>
  <testcase name="close_externalRequest_exitAppRequestEventPosted" classname="seedu.address.ui.MainWindowCloseTest" time="1.029"/>
  <system-out><![CDATA[]]></system-out>
  <system-err><![CDATA[Mar 17, 2019 2:12:54 PM guitests.guihandles.StageHandle focus
INFO: Focusing onAddress App
Mar 17, 2019 2:12:54 PM guitests.guihandles.StageHandle focus
INFO: Finishing focus onAddress App
Mar 17, 2019 2:12:55 PM guitests.guihandles.StageHandle focus
INFO: Focusing onAddress App
Mar 17, 2019 2:12:55 PM guitests.guihandles.StageHandle focus
INFO: Finishing focus onAddress App
]]></system-err>
</testsuite>
