<?xml version="1.0" encoding="UTF-8"?>
<testsuite name="seedu.address.model.person.PersonTest" tests="3" skipped="0" failures="0" errors="0" timestamp="2019-03-17T06:12:58" hostname="jwldeMacBook-Pro.local" time="0.001">
  <properties/>
  <testcase name="equals" classname="seedu.address.model.person.PersonTest" time="0.001"/>
  <testcase name="asObservableList_modifyList_throwsUnsupportedOperationException" classname="seedu.address.model.person.PersonTest" time="0.0"/>
  <testcase name="isSamePerson" classname="seedu.address.model.person.PersonTest" time="0.0"/>
  <system-out><![CDATA[]]></system-out>
  <system-err><![CDATA[]]></system-err>
</testsuite>
