<?xml version="1.0" encoding="UTF-8"?>
<testsuite name="seedu.address.commons.util.AppUtilTest" tests="5" skipped="0" failures="0" errors="0" timestamp="2019-03-17T06:12:57" hostname="jwldeMacBook-Pro.local" time="0.007">
  <properties/>
  <testcase name="getImage_exitingImage" classname="seedu.address.commons.util.AppUtilTest" time="0.001"/>
  <testcase name="checkArgument_falseWithoutErrorMessage_throwsIllegalArgumentException" classname="seedu.address.commons.util.AppUtilTest" time="0.0"/>
  <testcase name="getImage_nullGiven_throwsNullPointerException" classname="seedu.address.commons.util.AppUtilTest" time="0.0"/>
  <testcase name="checkArgument_true_nothingHappens" classname="seedu.address.commons.util.AppUtilTest" time="0.0"/>
  <testcase name="checkArgument_falseWithErrorMessage_throwsIllegalArgumentException" classname="seedu.address.commons.util.AppUtilTest" time="0.005"/>
  <system-out><![CDATA[]]></system-out>
  <system-err><![CDATA[]]></system-err>
</testsuite>
