<?xml version="1.0" encoding="UTF-8"?>
<testsuite name="seedu.address.logic.parser.AddCommandParserTest" tests="4" skipped="0" failures="0" errors="0" timestamp="2019-03-17T06:12:57" hostname="jwldeMacBook-Pro.local" time="0.055">
  <properties/>
  <testcase name="parse_optionalFieldsMissing_success" classname="seedu.address.logic.parser.AddCommandParserTest" time="0.011"/>
  <testcase name="parse_allFieldsPresent_success" classname="seedu.address.logic.parser.AddCommandParserTest" time="0.021"/>
  <testcase name="parse_invalidValue_failure" classname="seedu.address.logic.parser.AddCommandParserTest" time="0.012"/>
  <testcase name="parse_compulsoryFieldMissing_failure" classname="seedu.address.logic.parser.AddCommandParserTest" time="0.011"/>
  <system-out><![CDATA[]]></system-out>
  <system-err><![CDATA[]]></system-err>
</testsuite>
