<?xml version="1.0" encoding="UTF-8"?>
<testsuite name="seedu.address.logic.commands.FindCommandTest" tests="3" skipped="0" failures="0" errors="0" timestamp="2019-03-17T06:12:58" hostname="jwldeMacBook-Pro.local" time="0.003">
  <properties/>
  <testcase name="execute_zeroKeywords_noPersonFound" classname="seedu.address.logic.commands.FindCommandTest" time="0.001"/>
  <testcase name="equals" classname="seedu.address.logic.commands.FindCommandTest" time="0.0"/>
  <testcase name="execute_multipleKeywords_multiplePersonsFound" classname="seedu.address.logic.commands.FindCommandTest" time="0.0"/>
  <system-out><![CDATA[]]></system-out>
  <system-err><![CDATA[]]></system-err>
</testsuite>
