<?xml version="1.0" encoding="UTF-8"?>
<testsuite name="seedu.address.logic.commands.DeleteCommandTest" tests="8" skipped="0" failures="0" errors="0" timestamp="2019-03-17T06:12:58" hostname="jwldeMacBook-Pro.local" time="0.007">
  <properties/>
  <testcase name="executeUndoRedo_validIndexFilteredList_samePersonDeleted" classname="seedu.address.logic.commands.DeleteCommandTest" time="0.002"/>
  <testcase name="equals" classname="seedu.address.logic.commands.DeleteCommandTest" time="0.0"/>
  <testcase name="execute_invalidIndexUnfilteredList_throwsCommandException" classname="seedu.address.logic.commands.DeleteCommandTest" time="0.0"/>
  <testcase name="executeUndoRedo_validIndexUnfilteredList_success" classname="seedu.address.logic.commands.DeleteCommandTest" time="0.001"/>
  <testcase name="execute_validIndexUnfilteredList_success" classname="seedu.address.logic.commands.DeleteCommandTest" time="0.001"/>
  <testcase name="execute_validIndexFilteredList_success" classname="seedu.address.logic.commands.DeleteCommandTest" time="0.0"/>
  <testcase name="executeUndoRedo_invalidIndexUnfilteredList_failure" classname="seedu.address.logic.commands.DeleteCommandTest" time="0.0"/>
  <testcase name="execute_invalidIndexFilteredList_throwsCommandException" classname="seedu.address.logic.commands.DeleteCommandTest" time="0.0"/>
  <system-out><![CDATA[]]></system-out>
  <system-err><![CDATA[]]></system-err>
</testsuite>
