<?xml version="1.0" encoding="UTF-8"?>
<testsuite name="seedu.address.logic.commands.HelpCommandTest" tests="1" skipped="0" failures="0" errors="0" timestamp="2019-03-17T06:12:58" hostname="jwldeMacBook-Pro.local" time="0.0">
  <properties/>
  <testcase name="execute_help_success" classname="seedu.address.logic.commands.HelpCommandTest" time="0.0"/>
  <system-out><![CDATA[]]></system-out>
  <system-err><![CDATA[]]></system-err>
</testsuite>
