<?xml version="1.0" encoding="UTF-8"?>
<testsuite name="seedu.address.commons.core.index.IndexTest" tests="3" skipped="0" failures="0" errors="0" timestamp="2019-03-17T06:12:57" hostname="jwldeMacBook-Pro.local" time="0.001">
  <properties/>
  <testcase name="equals" classname="seedu.address.commons.core.index.IndexTest" time="0.0"/>
  <testcase name="createZeroBasedIndex" classname="seedu.address.commons.core.index.IndexTest" time="0.0"/>
  <testcase name="createOneBasedIndex" classname="seedu.address.commons.core.index.IndexTest" time="0.0"/>
  <system-out><![CDATA[]]></system-out>
  <system-err><![CDATA[]]></system-err>
</testsuite>
