<?xml version="1.0" encoding="UTF-8"?>
<testsuite name="seedu.address.commons.util.InvalidationListenerManagerTest" tests="6" skipped="0" failures="0" errors="0" timestamp="2019-03-17T06:12:57" hostname="jwldeMacBook-Pro.local" time="0.012">
  <properties/>
  <testcase name="addListener_sameListenerOnce_listenerAdded" classname="seedu.address.commons.util.InvalidationListenerManagerTest" time="0.001"/>
  <testcase name="removeListener_singleListenerAdded_listenerRemoved" classname="seedu.address.commons.util.InvalidationListenerManagerTest" time="0.001"/>
  <testcase name="removeListener_sameListenerAddedTwice_firstListenerRemoved" classname="seedu.address.commons.util.InvalidationListenerManagerTest" time="0.001"/>
  <testcase name="removeListener_listenersBeingCalled_listenerStillCalled" classname="seedu.address.commons.util.InvalidationListenerManagerTest" time="0.002"/>
  <testcase name="addListener_sameListenerTwice_listenerAddedTwice" classname="seedu.address.commons.util.InvalidationListenerManagerTest" time="0.002"/>
  <testcase name="addListener_listenersBeingCalled_listenerNotCalled" classname="seedu.address.commons.util.InvalidationListenerManagerTest" time="0.002"/>
  <system-out><![CDATA[]]></system-out>
  <system-err><![CDATA[]]></system-err>
</testsuite>
