<?xml version="1.0" encoding="UTF-8"?>
<testsuite name="systemtests.HelpCommandSystemTest" tests="2" skipped="0" failures="0" errors="0" timestamp="2019-03-17T06:12:04" hostname="jwldeMacBook-Pro.local" time="10.453">
  <properties/>
  <testcase name="help_multipleCommands_onlyOneHelpWindowOpen" classname="systemtests.HelpCommandSystemTest" time="3.287"/>
  <testcase name="openHelpWindow" classname="systemtests.HelpCommandSystemTest" time="7.165"/>
  <system-out><![CDATA[]]></system-out>
  <system-err><![CDATA[Mar 17, 2019 2:12:04 PM seedu.address.MainApp init
INFO: =============================[ Initializing AddressBook ]===========================
Mar 17, 2019 2:12:04 PM seedu.address.MainApp initConfig
INFO: Using config file : config.json
Mar 17, 2019 2:12:04 PM seedu.address.MainApp initPrefs
INFO: Using prefs file : src/test/data/sandbox/pref_testing.json
Mar 17, 2019 2:12:04 PM seedu.address.commons.core.LogsCenter init
INFO: currentLogLevel: INFO
Mar 17, 2019 2:12:04 PM seedu.address.ui.UiManager start
INFO: Starting UI...
Mar 17, 2019 2:12:05 PM guitests.guihandles.StageHandle focus
INFO: Focusing onAddress App
Mar 17, 2019 2:12:05 PM guitests.guihandles.StageHandle focus
INFO: Finishing focus onAddress App
Mar 17, 2019 2:12:07 PM guitests.guihandles.StageHandle focus
INFO: Focusing onAddress App
Mar 17, 2019 2:12:07 PM guitests.guihandles.StageHandle focus
INFO: Finishing focus onAddress App
Mar 17, 2019 2:12:07 PM guitests.guihandles.StageHandle focus
INFO: Focusing onAddress App
Mar 17, 2019 2:12:07 PM guitests.guihandles.StageHandle focus
INFO: Finishing focus onAddress App
Mar 17, 2019 2:12:07 PM seedu.address.logic.LogicManager execute
INFO: ----------------[USER COMMAND][help]
Mar 17, 2019 2:12:07 PM seedu.address.ui.MainWindow executeCommand
INFO: Result: Opened help window.
Mar 17, 2019 2:12:08 PM seedu.address.MainApp init
INFO: =============================[ Initializing AddressBook ]===========================
Mar 17, 2019 2:12:08 PM seedu.address.MainApp initConfig
INFO: Using config file : config.json
Mar 17, 2019 2:12:08 PM seedu.address.MainApp initPrefs
INFO: Using prefs file : src/test/data/sandbox/pref_testing.json
Mar 17, 2019 2:12:08 PM seedu.address.commons.core.LogsCenter init
INFO: currentLogLevel: INFO
Mar 17, 2019 2:12:08 PM seedu.address.ui.UiManager start
INFO: Starting UI...
Mar 17, 2019 2:12:08 PM guitests.guihandles.StageHandle focus
INFO: Focusing onAddress App
Mar 17, 2019 2:12:08 PM guitests.guihandles.StageHandle focus
INFO: Finishing focus onAddress App
Mar 17, 2019 2:12:09 PM guitests.guihandles.StageHandle focus
INFO: Focusing onAddress App
Mar 17, 2019 2:12:09 PM guitests.guihandles.StageHandle focus
INFO: Finishing focus onAddress App
Mar 17, 2019 2:12:10 PM guitests.guihandles.StageHandle focus
INFO: Focusing onAddress App
Mar 17, 2019 2:12:10 PM guitests.guihandles.StageHandle focus
INFO: Finishing focus onAddress App
Mar 17, 2019 2:12:10 PM guitests.guihandles.StageHandle focus
INFO: Focusing onAddress App
Mar 17, 2019 2:12:10 PM guitests.guihandles.StageHandle focus
INFO: Finishing focus onAddress App
Mar 17, 2019 2:12:12 PM guitests.guihandles.StageHandle focus
INFO: Focusing onAddress App
Mar 17, 2019 2:12:12 PM guitests.guihandles.StageHandle focus
INFO: Finishing focus onAddress App
Mar 17, 2019 2:12:13 PM seedu.address.logic.LogicManager execute
INFO: ----------------[USER COMMAND][help]
Mar 17, 2019 2:12:13 PM seedu.address.ui.MainWindow executeCommand
INFO: Result: Opened help window.
Mar 17, 2019 2:12:13 PM guitests.guihandles.StageHandle focus
INFO: Focusing onAddress App
Mar 17, 2019 2:12:13 PM guitests.guihandles.StageHandle focus
INFO: Finishing focus onAddress App
Mar 17, 2019 2:12:13 PM seedu.address.logic.LogicManager execute
INFO: ----------------[USER COMMAND][help]
Mar 17, 2019 2:12:13 PM seedu.address.ui.MainWindow executeCommand
INFO: Result: Opened help window.
Mar 17, 2019 2:12:13 PM guitests.guihandles.StageHandle focus
INFO: Focusing onAddress App
Mar 17, 2019 2:12:13 PM guitests.guihandles.StageHandle focus
INFO: Finishing focus onAddress App
Mar 17, 2019 2:12:14 PM seedu.address.logic.LogicManager execute
INFO: ----------------[USER COMMAND][select 1]
Mar 17, 2019 2:12:14 PM seedu.address.ui.MainWindow executeCommand
INFO: Result: Selected Person: 1
Mar 17, 2019 2:12:15 PM seedu.address.logic.LogicManager execute
INFO: ----------------[USER COMMAND][delete 1]
Mar 17, 2019 2:12:15 PM seedu.address.logic.LogicManager execute
INFO: Address book modified, saving to file.
Mar 17, 2019 2:12:15 PM seedu.address.ui.MainWindow executeCommand
INFO: Result: Deleted Person: Alice Pauline Phone: 94351253 Email: alice@example.com Address: 123, Jurong West Ave 6, #08-111 Tags: [friends]
]]></system-err>
</testsuite>
