<?xml version="1.0" encoding="UTF-8"?>
<testsuite name="seedu.address.storage.StorageManagerTest" tests="3" skipped="0" failures="0" errors="0" timestamp="2019-03-17T06:12:58" hostname="jwldeMacBook-Pro.local" time="0.009">
  <properties/>
  <testcase name="addressBookReadSave" classname="seedu.address.storage.StorageManagerTest" time="0.003"/>
  <testcase name="prefsReadSave" classname="seedu.address.storage.StorageManagerTest" time="0.002"/>
  <testcase name="getAddressBookFilePath" classname="seedu.address.storage.StorageManagerTest" time="0.002"/>
  <system-out><![CDATA[]]></system-out>
  <system-err><![CDATA[]]></system-err>
</testsuite>
