<?xml version="1.0" encoding="UTF-8"?>
<testsuite name="seedu.address.logic.parser.DeleteCommandParserTest" tests="2" skipped="0" failures="0" errors="0" timestamp="2019-03-17T06:12:57" hostname="jwldeMacBook-Pro.local" time="0.001">
  <properties/>
  <testcase name="parse_validArgs_returnsDeleteCommand" classname="seedu.address.logic.parser.DeleteCommandParserTest" time="0.0"/>
  <testcase name="parse_invalidArgs_throwsParseException" classname="seedu.address.logic.parser.DeleteCommandParserTest" time="0.0"/>
  <system-out><![CDATA[]]></system-out>
  <system-err><![CDATA[]]></system-err>
</testsuite>
