<?xml version="1.0" encoding="UTF-8"?>
<testsuite name="seedu.address.model.tag.TagTest" tests="3" skipped="0" failures="0" errors="0" timestamp="2019-03-17T06:12:58" hostname="jwldeMacBook-Pro.local" time="0.006">
  <properties/>
  <testcase name="constructor_invalidTagName_throwsIllegalArgumentException" classname="seedu.address.model.tag.TagTest" time="0.0"/>
  <testcase name="constructor_null_throwsNullPointerException" classname="seedu.address.model.tag.TagTest" time="0.005"/>
  <testcase name="isValidTagName" classname="seedu.address.model.tag.TagTest" time="0.001"/>
  <system-out><![CDATA[]]></system-out>
  <system-err><![CDATA[]]></system-err>
</testsuite>
